/*C1*/SET SCHEMA SYSTEM_LOBS
INSERT INTO BLOCKS VALUES(0,2147483647,0)
COMMIT
/*C2*/SET SCHEMA PUBLIC
CREATE TABLE  account_tax (\u000aid int GENERATED BY DEFAULT AS IDENTITY (START WITH 1, INCREMENT BY 1) primary key,\u000aname varchar(50),\u000aamount DECIMAL(10,2)\u000a)
CREATE TABLE  sale_order (\u000aid int GENERATED BY DEFAULT AS IDENTITY (START WITH 1, INCREMENT BY 1) primary key,\u000aname varchar(50),\u000adate date,\u000aamount_total DECIMAL(10,2),\u000aamount_tax DECIMAL(10,2),\u000aamount_untaxed DECIMAL(10,2)\u000a)
CREATE TABLE product_category (\u000aid int GENERATED BY DEFAULT AS IDENTITY (START WITH 1, INCREMENT BY 1) primary key,\u000aname varchar(50)\u000a)
CREATE TABLE  product_product (\u000aid int GENERATED BY DEFAULT AS IDENTITY (START WITH 1, INCREMENT BY 1) primary key,\u000aname varchar(50),\u000adescription varchar(200),\u000aprice_unit DECIMAL(10,2),\u000aqty_available DECIMAL(10,2),\u000aactive boolean,\u000atax_id int,\u000acateg_id int,\u000aFOREIGN KEY(tax_id) REFERENCES PUBLIC.account_tax(id) ON DELETE CASCADE,\u000aFOREIGN KEY(categ_id) REFERENCES PUBLIC.product_category(id) ON DELETE CASCADE\u000a)
CREATE TABLE sale_order_line (\u000aid int GENERATED BY DEFAULT AS IDENTITY (START WITH 1, INCREMENT BY 1) primary key,\u000aproduct_qty DECIMAL(10,2),\u000aorder_id int,\u000aproduct_id int,\u000aamount_subtotal DECIMAL(10,2),\u000aFOREIGN KEY(product_id) REFERENCES PUBLIC.product_product(id) ON DELETE CASCADE,\u000aFOREIGN KEY(order_id) REFERENCES PUBLIC.sale_order(id) ON DELETE CASCADE\u000a)
/*C3*/SET SCHEMA PUBLIC
INSERT INTO ACCOUNT_TAX VALUES(0,'IVA 4%',0.04)
COMMIT
DISCONNECT
/*C4*/SET SCHEMA PUBLIC
INSERT INTO ACCOUNT_TAX VALUES(1,'IVA 10%',0.10)
COMMIT
DISCONNECT
/*C5*/SET SCHEMA PUBLIC
INSERT INTO ACCOUNT_TAX VALUES(2,'IVA 21%',0.21)
COMMIT
DISCONNECT
/*C2*/DISCONNECT
